[33m[nodemon] 1.18.3[39m
[33m[nodemon] to restart at any time, enter `rs`[39m
[33m[nodemon] watching: *.*[39m
[32m[nodemon] starting `node ./bin/www`[39m
events.js:160
      throw er; // Unhandled 'error' event
      ^

Error: EBADF: bad file descriptor, read
    at Error (native)
DB Connected
[0mGET /video [36m304 [0m53.133 ms - -[0m
[0mGET /static/css/app.36d70808aa767f3ccdfb51768136b458.css [36m304 [0m5.634 ms - -[0m
[0mGET /static/js/manifest.2ae2e69a05c33dfc65f8.js [36m304 [0m14.527 ms - -[0m
[0mGET /static/js/vendor.bb8b5bc391a519f5a4bf.js [36m304 [0m2.300 ms - -[0m
[0mGET /static/js/app.e9d0458d5b169eb0365a.js [36m304 [0m7.180 ms - -[0m
Header boi : { host: '48gekijodouga.net:3000',
  connection: 'keep-alive',
  accept: 'application/json, text/plain, */*',
  authorization: 'JWT eyJhbGciOiJIUzI1NiJ9.dmlkZW9Eb3VnYTQ4QGFkbWluLm5ldA.yN4hFq34jzkOnmw8zmtSBWIEyGLf_1li5zk6WWdhHIk',
  'user-agent': 'Mozilla/5.0 (Windows NT 6.3; Win64; x64) AppleWebKit/537.36 (KHTML, like Gecko) Chrome/67.0.3396.99 Safari/537.36',
  referer: 'http://48gekijodouga.net:3000/video',
  'accept-encoding': 'gzip, deflate',
  'accept-language': 'en-US,en;q=0.9,fr;q=0.8',
  'if-none-match': 'W/"3a8-IVyUdDMjwf59Gi6PY5F2euUqYj8"' }
[0mGET /api/video/ [36m304 [0m146.529 ms - -[0m
[0mGET /i/mpd35q6q3j8.png [36m304 [0m27.959 ms - -[0m
[0mGET /i/1dpf7molk2g.png [36m304 [0m9.641 ms - -[0m
Header boi : { host: '48gekijodouga.net:3000',
  connection: 'keep-alive',
  accept: 'application/json, text/plain, */*',
  authorization: 'JWT eyJhbGciOiJIUzI1NiJ9.dmlkZW9Eb3VnYTQ4QGFkbWluLm5ldA.yN4hFq34jzkOnmw8zmtSBWIEyGLf_1li5zk6WWdhHIk',
  'user-agent': 'Mozilla/5.0 (Windows NT 6.3; Win64; x64) AppleWebKit/537.36 (KHTML, like Gecko) Chrome/67.0.3396.99 Safari/537.36',
  referer: 'http://48gekijodouga.net:3000/video',
  'accept-encoding': 'gzip, deflate',
  'accept-language': 'en-US,en;q=0.9,fr;q=0.8',
  'if-none-match': 'W/"3a8-IVyUdDMjwf59Gi6PY5F2euUqYj8"' }
[0mGET /api/video/ [36m304 [0m37.316 ms - -[0m
Header boi : { host: '48gekijodouga.net:3000',
  connection: 'keep-alive',
  accept: 'application/json, text/plain, */*',
  authorization: 'JWT eyJhbGciOiJIUzI1NiJ9.dmlkZW9Eb3VnYTQ4QGFkbWluLm5ldA.yN4hFq34jzkOnmw8zmtSBWIEyGLf_1li5zk6WWdhHIk',
  'user-agent': 'Mozilla/5.0 (Windows NT 6.3; Win64; x64) AppleWebKit/537.36 (KHTML, like Gecko) Chrome/67.0.3396.99 Safari/537.36',
  referer: 'http://48gekijodouga.net:3000/video',
  'accept-encoding': 'gzip, deflate',
  'accept-language': 'en-US,en;q=0.9,fr;q=0.8',
  'if-none-match': 'W/"3a8-IVyUdDMjwf59Gi6PY5F2euUqYj8"' }
[0mGET /api/video/ [36m304 [0m8.259 ms - -[0m
[0mGET /i/mpd35q6q3j8.png [36m304 [0m1.731 ms - -[0m
[0mGET /i/1dpf7molk2g.png [36m304 [0m1.200 ms - -[0m
[0mGET / [32m200 [0m5.816 ms - 880[0m
[0mGET / [32m200 [0m6.890 ms - 880[0m
[0mGET /static/js/manifest.2ae2e69a05c33dfc65f8.js [32m200 [0m5.934 ms - 857[0m
[0mGET /static/js/app.e9d0458d5b169eb0365a.js [32m200 [0m5.969 ms - 18674[0m
[0mGET /static/css/app.36d70808aa767f3ccdfb51768136b458.css [32m200 [0m0.827 ms - 14404[0m
[0mGET /favicon.ico [33m404 [0m23.084 ms - 1465[0m
Error: Module "html" does not provide a view engine.
    at new View (/home/gekijodouga/gejikodouga_platforma/platforma-video/node_modules/express/lib/view.js:84:13)
    at EventEmitter.render (/home/gekijodouga/gejikodouga_platforma/platforma-video/node_modules/express/lib/application.js:570:12)
    at ServerResponse.render (/home/gekijodouga/gejikodouga_platforma/platforma-video/node_modules/express/lib/response.js:1008:7)
    at /home/gekijodouga/gejikodouga_platforma/platforma-video/app.js:58:7
    at Layer.handle_error (/home/gekijodouga/gejikodouga_platforma/platforma-video/node_modules/express/lib/router/layer.js:71:5)
    at trim_prefix (/home/gekijodouga/gejikodouga_platforma/platforma-video/node_modules/express/lib/router/index.js:315:13)
    at /home/gekijodouga/gejikodouga_platforma/platforma-video/node_modules/express/lib/router/index.js:284:7
    at Function.process_params (/home/gekijodouga/gejikodouga_platforma/platforma-video/node_modules/express/lib/router/index.js:335:12)
    at next (/home/gekijodouga/gejikodouga_platforma/platforma-video/node_modules/express/lib/router/index.js:275:10)
    at /home/gekijodouga/gejikodouga_platforma/platforma-video/app.js:47:3
[0mGET /static/js/vendor.bb8b5bc391a519f5a4bf.js [32m200 [0m1.949 ms - 238543[0m
[0mGET /video [36m304 [0m1.199 ms - -[0m
[0mGET /static/css/app.36d70808aa767f3ccdfb51768136b458.css [36m304 [0m1.859 ms - -[0m
[0mGET /static/js/manifest.2ae2e69a05c33dfc65f8.js [36m304 [0m0.701 ms - -[0m
[0mGET /static/js/vendor.bb8b5bc391a519f5a4bf.js [36m304 [0m0.528 ms - -[0m
[0mGET /static/js/app.e9d0458d5b169eb0365a.js [36m304 [0m0.529 ms - -[0m
Header boi : { host: '48gekijodouga.net:3000',
  connection: 'keep-alive',
  accept: 'application/json, text/plain, */*',
  authorization: 'JWT eyJhbGciOiJIUzI1NiJ9.dmlkZW9Eb3VnYTQ4QGFkbWluLm5ldA.yN4hFq34jzkOnmw8zmtSBWIEyGLf_1li5zk6WWdhHIk',
  'user-agent': 'Mozilla/5.0 (Windows NT 6.3; Win64; x64) AppleWebKit/537.36 (KHTML, like Gecko) Chrome/67.0.3396.99 Safari/537.36',
  referer: 'http://48gekijodouga.net:3000/video',
  'accept-encoding': 'gzip, deflate',
  'accept-language': 'en-US,en;q=0.9,fr;q=0.8',
  'if-none-match': 'W/"3a8-IVyUdDMjwf59Gi6PY5F2euUqYj8"' }
[0mGET /api/video/ [36m304 [0m4.057 ms - -[0m
[0mGET /i/mpd35q6q3j8.png [36m304 [0m1.189 ms - -[0m
[0mGET /i/1dpf7molk2g.png [36m304 [0m0.879 ms - -[0m
[0mGET / [32m200 [0m1.563 ms - 880[0m
[0mGET /static/css/app.36d70808aa767f3ccdfb51768136b458.css [36m304 [0m0.535 ms - -[0m
[0mGET /static/js/manifest.2ae2e69a05c33dfc65f8.js [36m304 [0m1.041 ms - -[0m
[0mGET /static/js/vendor.bb8b5bc391a519f5a4bf.js [36m304 [0m2.158 ms - -[0m
[0mGET /static/js/app.e9d0458d5b169eb0365a.js [36m304 [0m2.123 ms - -[0m
[0mGET /api/diskinfo [32m200 [0m45.816 ms - 75[0m
Header boi : { host: '48gekijodouga.net:3000',
  connection: 'keep-alive',
  accept: 'application/json, text/plain, */*',
  authorization: 'JWT eyJhbGciOiJIUzI1NiJ9.dmlkZW9Eb3VnYTQ4QGFkbWluLm5ldA.yN4hFq34jzkOnmw8zmtSBWIEyGLf_1li5zk6WWdhHIk',
  'user-agent': 'Mozilla/5.0 (Windows NT 6.3; Win64; x64) AppleWebKit/537.36 (KHTML, like Gecko) Chrome/67.0.3396.99 Safari/537.36',
  referer: 'http://48gekijodouga.net:3000/video',
  'accept-encoding': 'gzip, deflate',
  'accept-language': 'en-US,en;q=0.9,fr;q=0.8',
  'if-none-match': 'W/"3a8-IVyUdDMjwf59Gi6PY5F2euUqYj8"' }
[0mGET /api/video/ [32m200 [0m20.039 ms - 4[0m
[0mGET /video [36m304 [0m0.633 ms - -[0m
[0mGET /static/css/app.36d70808aa767f3ccdfb51768136b458.css [36m304 [0m2.729 ms - -[0m
[0mGET /static/js/manifest.2ae2e69a05c33dfc65f8.js [36m304 [0m7.210 ms - -[0m
[0mGET /static/js/vendor.bb8b5bc391a519f5a4bf.js [36m304 [0m6.528 ms - -[0m
[0mGET /static/js/app.e9d0458d5b169eb0365a.js [36m304 [0m0.596 ms - -[0m
Header boi : { host: '48gekijodouga.net:3000',
  connection: 'keep-alive',
  accept: 'application/json, text/plain, */*',
  authorization: 'JWT eyJhbGciOiJIUzI1NiJ9.dmlkZW9Eb3VnYTQ4QGFkbWluLm5ldA.yN4hFq34jzkOnmw8zmtSBWIEyGLf_1li5zk6WWdhHIk',
  'user-agent': 'Mozilla/5.0 (Windows NT 6.3; Win64; x64) AppleWebKit/537.36 (KHTML, like Gecko) Chrome/67.0.3396.99 Safari/537.36',
  referer: 'http://48gekijodouga.net:3000/video',
  'accept-encoding': 'gzip, deflate',
  'accept-language': 'en-US,en;q=0.9,fr;q=0.8',
  'if-none-match': 'W/"4-wrpyYBUSoiDhH2Soj1n4wK3cS0E"' }
[0mGET /api/video/ [36m304 [0m11.709 ms - -[0m
[0mGET / [32m200 [0m0.861 ms - 880[0m
[0mGET /static/css/app.36d70808aa767f3ccdfb51768136b458.css [32m200 [0m12.066 ms - 14404[0m
[0mGET /static/js/manifest.2ae2e69a05c33dfc65f8.js [32m200 [0m11.801 ms - 857[0m
[0mGET /static/js/app.e9d0458d5b169eb0365a.js [32m200 [0m12.022 ms - 18674[0m
[0mGET /static/js/vendor.bb8b5bc391a519f5a4bf.js [32m200 [0m4.332 ms - 238543[0m
[0mGET /api/diskinfo [32m200 [0m10.576 ms - 75[0m
screenshots are 2ap9h2pugm8.png
Uploaded videos: [ { title: '180721 Hatake de Marry Me! (HD)',
    thumbnail: [ '2ap9h2pugm8.png' ],
    link: '2ap9h2pugm8',
    original_size: 48839372,
    path: '/home/gekijodouga/gejikodouga_platforma/platforma-video/Originals',
    duration: 0 } ]
[0mPOST /api/upload [32m200 [0m203461.041 ms - 211[0m
Header boi : { host: '48gekijodouga.net:3000',
  connection: 'keep-alive',
  'content-length': '211',
  accept: 'application/json, text/plain, */*',
  origin: 'http://48gekijodouga.net:3000',
  authorization: 'JWT eyJhbGciOiJIUzI1NiJ9.dmlkZW9Eb3VnYTQ4QGFkbWluLm5ldA.yN4hFq34jzkOnmw8zmtSBWIEyGLf_1li5zk6WWdhHIk',
  'user-agent': 'Mozilla/5.0 (Windows NT 6.1; Win64; x64) AppleWebKit/537.36 (KHTML, like Gecko) Chrome/67.0.3396.99 Safari/537.36',
  'content-type': 'application/json;charset=UTF-8',
  referer: 'http://48gekijodouga.net:3000/video/new',
  'accept-encoding': 'gzip, deflate',
  'accept-language': 'en-US,en;q=0.9,fr;q=0.8,ar;q=0.7,ja;q=0.6' }
Video API : Videos about to be saved: [ { title: '180721 Hatake de Marry Me! (HD)',
    thumbnail: [ '2ap9h2pugm8.png' ],
    link: '2ap9h2pugm8',
    original_size: 48839372,
    path: '/home/gekijodouga/gejikodouga_platforma/platforma-video/Originals',
    duration: 0 } ]
[0mPOST /api/video/save [32m200 [0m100.812 ms - 7[0m
Err is null
Header boi : { host: '48gekijodouga.net:3000',
  connection: 'keep-alive',
  accept: 'application/json, text/plain, */*',
  authorization: 'JWT eyJhbGciOiJIUzI1NiJ9.dmlkZW9Eb3VnYTQ4QGFkbWluLm5ldA.yN4hFq34jzkOnmw8zmtSBWIEyGLf_1li5zk6WWdhHIk',
  'user-agent': 'Mozilla/5.0 (Windows NT 6.1; Win64; x64) AppleWebKit/537.36 (KHTML, like Gecko) Chrome/67.0.3396.99 Safari/537.36',
  referer: 'http://48gekijodouga.net:3000/video',
  'accept-encoding': 'gzip, deflate',
  'accept-language': 'en-US,en;q=0.9,fr;q=0.8,ar;q=0.7,ja;q=0.6' }
[0mGET /api/video/ [32m200 [0m7.255 ms - 481[0m
[0mGET /i/2ap9h2pugm8.png [32m200 [0m1.356 ms - 710479[0m
Header boi : { host: '48gekijodouga.net:3000',
  connection: 'keep-alive',
  accept: 'application/json, text/plain, */*',
  authorization: 'JWT eyJhbGciOiJIUzI1NiJ9.dmlkZW9Eb3VnYTQ4QGFkbWluLm5ldA.yN4hFq34jzkOnmw8zmtSBWIEyGLf_1li5zk6WWdhHIk',
  'user-agent': 'Mozilla/5.0 (Windows NT 6.1; Win64; x64) AppleWebKit/537.36 (KHTML, like Gecko) Chrome/67.0.3396.99 Safari/537.36',
  referer: 'http://48gekijodouga.net:3000/video',
  'accept-encoding': 'gzip, deflate',
  'accept-language': 'en-US,en;q=0.9,fr;q=0.8,ar;q=0.7,ja;q=0.6',
  'if-none-match': 'W/"1e1-s1jzbm6qveYuHeZxUnREAmpaeUM"' }
[0mGET /api/video/ [36m304 [0m3.245 ms - -[0m
Header boi : { host: '48gekijodouga.net:3000',
  connection: 'keep-alive',
  accept: 'application/json, text/plain, */*',
  authorization: 'JWT eyJhbGciOiJIUzI1NiJ9.dmlkZW9Eb3VnYTQ4QGFkbWluLm5ldA.yN4hFq34jzkOnmw8zmtSBWIEyGLf_1li5zk6WWdhHIk',
  'user-agent': 'Mozilla/5.0 (Windows NT 6.1; Win64; x64) AppleWebKit/537.36 (KHTML, like Gecko) Chrome/67.0.3396.99 Safari/537.36',
  referer: 'http://48gekijodouga.net:3000/video',
  'accept-encoding': 'gzip, deflate',
  'accept-language': 'en-US,en;q=0.9,fr;q=0.8,ar;q=0.7,ja;q=0.6',
  'if-none-match': 'W/"1e1-s1jzbm6qveYuHeZxUnREAmpaeUM"' }
[0mGET /api/video/ [32m200 [0m20.990 ms - 483[0m
Header boi : { host: '48gekijodouga.net:3000',
  connection: 'keep-alive',
  accept: 'application/json, text/plain, */*',
  authorization: 'JWT eyJhbGciOiJIUzI1NiJ9.dmlkZW9Eb3VnYTQ4QGFkbWluLm5ldA.yN4hFq34jzkOnmw8zmtSBWIEyGLf_1li5zk6WWdhHIk',
  'user-agent': 'Mozilla/5.0 (Windows NT 6.3; Win64; x64) AppleWebKit/537.36 (KHTML, like Gecko) Chrome/67.0.3396.99 Safari/537.36',
  referer: 'http://48gekijodouga.net:3000/video',
  'accept-encoding': 'gzip, deflate',
  'accept-language': 'en-US,en;q=0.9,fr;q=0.8',
  'if-none-match': 'W/"4-wrpyYBUSoiDhH2Soj1n4wK3cS0E"' }
[0mGET /api/video/ [32m200 [0m18.568 ms - 483[0m
[0mGET /i/2ap9h2pugm8.png [32m200 [0m40.956 ms - 710479[0m
Header boi : { host: '48gekijodouga.net:3000',
  connection: 'keep-alive',
  accept: 'application/json, text/plain, */*',
  authorization: 'JWT eyJhbGciOiJIUzI1NiJ9.dmlkZW9Eb3VnYTQ4QGFkbWluLm5ldA.yN4hFq34jzkOnmw8zmtSBWIEyGLf_1li5zk6WWdhHIk',
  'user-agent': 'Mozilla/5.0 (Windows NT 6.1; Win64; x64) AppleWebKit/537.36 (KHTML, like Gecko) Chrome/67.0.3396.99 Safari/537.36',
  referer: 'http://48gekijodouga.net:3000/video',
  'accept-encoding': 'gzip, deflate',
  'accept-language': 'en-US,en;q=0.9,fr;q=0.8,ar;q=0.7,ja;q=0.6',
  'if-none-match': 'W/"1e3-IWlMCLxfvh4qorIh7i9/LBmW+NA"' }
[0mGET /api/video/ [36m304 [0m19.170 ms - -[0m
Header boi : { host: '48gekijodouga.net:3000',
  connection: 'keep-alive',
  accept: 'application/json, text/plain, */*',
  authorization: 'JWT eyJhbGciOiJIUzI1NiJ9.dmlkZW9Eb3VnYTQ4QGFkbWluLm5ldA.yN4hFq34jzkOnmw8zmtSBWIEyGLf_1li5zk6WWdhHIk',
  'user-agent': 'Mozilla/5.0 (Windows NT 6.1; Win64; x64) AppleWebKit/537.36 (KHTML, like Gecko) Chrome/67.0.3396.99 Safari/537.36',
  referer: 'http://48gekijodouga.net:3000/video',
  'accept-encoding': 'gzip, deflate',
  'accept-language': 'en-US,en;q=0.9,fr;q=0.8,ar;q=0.7,ja;q=0.6',
  'if-none-match': 'W/"1e3-IWlMCLxfvh4qorIh7i9/LBmW+NA"' }
[0mGET /api/video/ [36m304 [0m22.239 ms - -[0m
Header boi : { host: '48gekijodouga.net:3000',
  connection: 'keep-alive',
  accept: 'application/json, text/plain, */*',
  authorization: 'JWT eyJhbGciOiJIUzI1NiJ9.dmlkZW9Eb3VnYTQ4QGFkbWluLm5ldA.yN4hFq34jzkOnmw8zmtSBWIEyGLf_1li5zk6WWdhHIk',
  'user-agent': 'Mozilla/5.0 (Windows NT 6.1; Win64; x64) AppleWebKit/537.36 (KHTML, like Gecko) Chrome/67.0.3396.99 Safari/537.36',
  referer: 'http://48gekijodouga.net:3000/video',
  'accept-encoding': 'gzip, deflate',
  'accept-language': 'en-US,en;q=0.9,fr;q=0.8,ar;q=0.7,ja;q=0.6',
  'if-none-match': 'W/"1e3-IWlMCLxfvh4qorIh7i9/LBmW+NA"' }
[0mGET /api/video/ [36m304 [0m12.476 ms - -[0m
Header boi : { host: '48gekijodouga.net:3000',
  connection: 'keep-alive',
  accept: 'application/json, text/plain, */*',
  authorization: 'JWT eyJhbGciOiJIUzI1NiJ9.dmlkZW9Eb3VnYTQ4QGFkbWluLm5ldA.yN4hFq34jzkOnmw8zmtSBWIEyGLf_1li5zk6WWdhHIk',
  'user-agent': 'Mozilla/5.0 (Windows NT 6.1; Win64; x64) AppleWebKit/537.36 (KHTML, like Gecko) Chrome/67.0.3396.99 Safari/537.36',
  referer: 'http://48gekijodouga.net:3000/video',
  'accept-encoding': 'gzip, deflate',
  'accept-language': 'en-US,en;q=0.9,fr;q=0.8,ar;q=0.7,ja;q=0.6',
  'if-none-match': 'W/"1e3-IWlMCLxfvh4qorIh7i9/LBmW+NA"' }
[0mGET /api/video/ [36m304 [0m10.388 ms - -[0m
[0mGET /api/diskinfo [32m200 [0m26.461 ms - 75[0m
Header boi : { host: '48gekijodouga.net:3000',
  connection: 'keep-alive',
  accept: 'application/json, text/plain, */*',
  authorization: 'JWT eyJhbGciOiJIUzI1NiJ9.dmlkZW9Eb3VnYTQ4QGFkbWluLm5ldA.yN4hFq34jzkOnmw8zmtSBWIEyGLf_1li5zk6WWdhHIk',
  'user-agent': 'Mozilla/5.0 (Windows NT 6.3; Win64; x64) AppleWebKit/537.36 (KHTML, like Gecko) Chrome/67.0.3396.99 Safari/537.36',
  referer: 'http://48gekijodouga.net:3000/video',
  'accept-encoding': 'gzip, deflate',
  'accept-language': 'en-US,en;q=0.9,fr;q=0.8',
  'if-none-match': 'W/"1e3-IWlMCLxfvh4qorIh7i9/LBmW+NA"' }
[0mGET /api/video/ [32m200 [0m5.631 ms - 491[0m
[0mGET /static/css/app.36d70808aa767f3ccdfb51768136b458.css [36m304 [0m0.599 ms - -[0m
[0mGET /static/js/manifest.2ae2e69a05c33dfc65f8.js.map [36m304 [0m0.737 ms - -[0m
[0mGET /static/js/vendor.bb8b5bc391a519f5a4bf.js.map [36m304 [0m0.484 ms - -[0m
[0mGET /static/js/app.e9d0458d5b169eb0365a.js.map [36m304 [0m0.479 ms - -[0m
[0mGET /static/css/app.36d70808aa767f3ccdfb51768136b458.css.map [36m304 [0m0.902 ms - -[0m
[0mGET /api/video/2ap9h2pugm8?q=480 [32m200 [0m8.445 ms - 880[0m
[0mGET /static/css/app.36d70808aa767f3ccdfb51768136b458.css [36m304 [0m0.857 ms - -[0m
[0mGET /static/js/manifest.2ae2e69a05c33dfc65f8.js [36m304 [0m0.508 ms - -[0m
[0mGET /static/js/vendor.bb8b5bc391a519f5a4bf.js [36m304 [0m0.914 ms - -[0m
[0mGET /static/js/app.e9d0458d5b169eb0365a.js [36m304 [0m0.846 ms - -[0m
[0mGET /api/video/2ap9h2pugm8?q=720 [32m200 [0m5.123 ms - 880[0m
[0mGET /static/js/manifest.2ae2e69a05c33dfc65f8.js [36m304 [0m1.691 ms - -[0m
[0mGET /static/css/app.36d70808aa767f3ccdfb51768136b458.css [36m304 [0m1.729 ms - -[0m
[0mGET /static/js/vendor.bb8b5bc391a519f5a4bf.js [36m304 [0m1.650 ms - -[0m
[0mGET /static/js/app.e9d0458d5b169eb0365a.js [36m304 [0m1.614 ms - -[0m
[0mGET /api/video/2ap9h2pugm8 [32m200 [0m0.806 ms - 880[0m
[0mGET /static/css/app.36d70808aa767f3ccdfb51768136b458.css [36m304 [0m0.547 ms - -[0m
[0mGET /static/js/manifest.2ae2e69a05c33dfc65f8.js [36m304 [0m1.233 ms - -[0m
[0mGET /static/js/app.e9d0458d5b169eb0365a.js [36m304 [0m1.185 ms - -[0m
[0mGET /static/js/vendor.bb8b5bc391a519f5a4bf.js [36m304 [0m1.125 ms - -[0m
DB Connected
[0mGET /video [32m200 [0m39.879 ms - 880[0m
[0mGET /static/css/app.36d70808aa767f3ccdfb51768136b458.css [32m200 [0m11.774 ms - 14404[0m
[0mGET /static/js/manifest.2ae2e69a05c33dfc65f8.js [32m200 [0m6.948 ms - 857[0m
[0mGET /static/js/app.4362211242f0a90f27c2.js [32m200 [0m8.935 ms - 18677[0m
[0mGET /static/js/vendor.bb8b5bc391a519f5a4bf.js [32m200 [0m10.514 ms - 238543[0m
[0mGET /static/js/manifest.2ae2e69a05c33dfc65f8.js.map [32m200 [0m1.116 ms - 4972[0m
[0mGET /static/css/app.36d70808aa767f3ccdfb51768136b458.css.map [32m200 [0m21.039 ms - 29512[0m
[0mGET /static/js/app.4362211242f0a90f27c2.js.map [32m200 [0m0.936 ms - 79299[0m
Header boi : { host: '48gekijodouga.net:3000',
  connection: 'keep-alive',
  accept: 'application/json, text/plain, */*',
  authorization: 'JWT eyJhbGciOiJIUzI1NiJ9.dmlkZW9Eb3VnYTQ4QGFkbWluLm5ldA.yN4hFq34jzkOnmw8zmtSBWIEyGLf_1li5zk6WWdhHIk',
  'user-agent': 'Mozilla/5.0 (Windows NT 6.3; Win64; x64) AppleWebKit/537.36 (KHTML, like Gecko) Chrome/67.0.3396.99 Safari/537.36',
  referer: 'http://48gekijodouga.net:3000/video',
  'accept-encoding': 'gzip, deflate',
  'accept-language': 'en-US,en;q=0.9,fr;q=0.8',
  'if-none-match': 'W/"1eb-KsvCJxeGG/b5/m8h0l+9zDPSQHk"' }
[0mGET /api/video/ [36m304 [0m109.319 ms - -[0m
[0mGET /i/2ap9h2pugm8.png [36m304 [0m1.668 ms - -[0m
[0mGET /static/js/vendor.bb8b5bc391a519f5a4bf.js.map [32m200 [0m0.843 ms - 1192062[0m
[0mGET /api/video/2ap9h2pugm8 [32m200 [0m1.121 ms - 880[0m
[0mGET /static/css/app.36d70808aa767f3ccdfb51768136b458.css [36m304 [0m0.534 ms - -[0m
[0mGET /static/js/manifest.2ae2e69a05c33dfc65f8.js [32m200 [0m1.945 ms - 857[0m
[0mGET /static/js/app.4362211242f0a90f27c2.js [36m304 [0m1.213 ms - -[0m
[0mGET /static/js/vendor.bb8b5bc391a519f5a4bf.js [32m200 [0m2.668 ms - 238543[0m
[0mGET /api/video/2ap9h2pugm8?q=480 [32m200 [0m29.509 ms - 880[0m
[0mGET /static/css/app.36d70808aa767f3ccdfb51768136b458.css [36m304 [0m9.472 ms - -[0m
[0mGET /static/js/manifest.2ae2e69a05c33dfc65f8.js [36m304 [0m9.035 ms - -[0m
[0mGET /static/js/vendor.bb8b5bc391a519f5a4bf.js [36m304 [0m0.769 ms - -[0m
[0mGET /static/js/app.4362211242f0a90f27c2.js [36m304 [0m0.729 ms - -[0m
[0mGET /api/video/2ap9h2pugm8?q=480 [36m304 [0m0.651 ms - -[0m
[0mGET /static/js/manifest.2ae2e69a05c33dfc65f8.js [36m304 [0m3.719 ms - -[0m
[0mGET /static/css/app.36d70808aa767f3ccdfb51768136b458.css [36m304 [0m5.099 ms - -[0m
[0mGET /static/js/vendor.bb8b5bc391a519f5a4bf.js [36m304 [0m2.170 ms - -[0m
[0mGET /static/js/app.4362211242f0a90f27c2.js [36m304 [0m1.869 ms - -[0m
DB Connected
DB Connected
[0mGET / [32m200 [0m96.641 ms - 880[0m
[0mGET /static/css/app.36d70808aa767f3ccdfb51768136b458.css [36m304 [0m2.991 ms - -[0m
[0mGET /static/js/manifest.2ae2e69a05c33dfc65f8.js [36m304 [0m1.293 ms - -[0m
[0mGET /static/js/vendor.bb8b5bc391a519f5a4bf.js [36m304 [0m0.488 ms - -[0m
[0mGET /static/js/app.4362211242f0a90f27c2.js [36m304 [0m0.606 ms - -[0m
[0mGET /static/js/manifest.2ae2e69a05c33dfc65f8.js [36m304 [0m0.491 ms - -[0m
[0mGET /static/js/vendor.bb8b5bc391a519f5a4bf.js [36m304 [0m0.674 ms - -[0m
[0mGET /static/js/app.4362211242f0a90f27c2.js [36m304 [0m0.769 ms - -[0m
[0mGET /api/diskinfo [32m200 [0m79.683 ms - 75[0m
Header boi : { host: '48gekijodouga.net:3000',
  connection: 'keep-alive',
  accept: 'application/json, text/plain, */*',
  authorization: 'JWT eyJhbGciOiJIUzI1NiJ9.dmlkZW9Eb3VnYTQ4QGFkbWluLm5ldA.yN4hFq34jzkOnmw8zmtSBWIEyGLf_1li5zk6WWdhHIk',
  'user-agent': 'Mozilla/5.0 (Windows NT 6.3; Win64; x64) AppleWebKit/537.36 (KHTML, like Gecko) Chrome/67.0.3396.99 Safari/537.36',
  referer: 'http://48gekijodouga.net:3000/video',
  'accept-encoding': 'gzip, deflate',
  'accept-language': 'en-US,en;q=0.9,fr;q=0.8',
  'if-none-match': 'W/"1eb-KsvCJxeGG/b5/m8h0l+9zDPSQHk"' }
[0mGET /api/video/ [32m200 [0m98.973 ms - 948[0m
[0mGET /i/2ap9h2pugm8.png [36m304 [0m1.594 ms - -[0m
[0mGET /i/o3pmc5606h.png [32m200 [0m9.687 ms - 661642[0m
[0mGET /static/css/app.36d70808aa767f3ccdfb51768136b458.css [36m304 [0m1.422 ms - -[0m
[0mGET /static/js/manifest.2ae2e69a05c33dfc65f8.js.map [36m304 [0m11.313 ms - -[0m
[0mGET /static/js/vendor.bb8b5bc391a519f5a4bf.js.map [36m304 [0m10.316 ms - -[0m
[0mGET /static/js/app.4362211242f0a90f27c2.js.map [36m304 [0m11.236 ms - -[0m
[0mGET /static/css/app.36d70808aa767f3ccdfb51768136b458.css.map [36m304 [0m0.616 ms - -[0m
[0mGET / [32m200 [0m6.527 ms - 880[0m
[0mGET /static/css/app.36d70808aa767f3ccdfb51768136b458.css [32m200 [0m2.270 ms - 14404[0m
[0mGET /static/js/manifest.2ae2e69a05c33dfc65f8.js [32m200 [0m9.338 ms - 857[0m
[0mGET /static/js/app.4362211242f0a90f27c2.js [32m200 [0m4.784 ms - 18677[0m
[0mGET /static/js/vendor.bb8b5bc391a519f5a4bf.js [32m200 [0m13.864 ms - 238543[0m
[0mGET /api/diskinfo [32m200 [0m14.150 ms - 75[0m
Header boi : { host: '48gekijodouga.net:3000',
  connection: 'keep-alive',
  accept: 'application/json, text/plain, */*',
  authorization: 'JWT eyJhbGciOiJIUzI1NiJ9.dmlkZW9Eb3VnYTQ4QGFkbWluLm5ldA.yN4hFq34jzkOnmw8zmtSBWIEyGLf_1li5zk6WWdhHIk',
  'user-agent': 'Mozilla/5.0 (Windows NT 6.1; Win64; x64) AppleWebKit/537.36 (KHTML, like Gecko) Chrome/67.0.3396.99 Safari/537.36',
  referer: 'http://48gekijodouga.net:3000/video',
  'accept-encoding': 'gzip, deflate',
  'accept-language': 'en-US,en;q=0.9,fr;q=0.8,ar;q=0.7,ja;q=0.6',
  'if-none-match': 'W/"3ae-+Dor3kiwqilpej1sJmDMW59wylk"' }
[0mGET /api/video/ [32m200 [0m36.636 ms - 948[0m
[0mGET /i/2ap9h2pugm8.png [36m304 [0m1.812 ms - -[0m
[0mGET /i/o3pmc5606h.png [36m304 [0m1.896 ms - -[0m
Header boi : { host: '48gekijodouga.net:3000',
  connection: 'keep-alive',
  accept: 'application/json, text/plain, */*',
  authorization: 'JWT eyJhbGciOiJIUzI1NiJ9.dmlkZW9Eb3VnYTQ4QGFkbWluLm5ldA.yN4hFq34jzkOnmw8zmtSBWIEyGLf_1li5zk6WWdhHIk',
  'user-agent': 'Mozilla/5.0 (Windows NT 6.1; Win64; x64) AppleWebKit/537.36 (KHTML, like Gecko) Chrome/67.0.3396.99 Safari/537.36',
  referer: 'http://48gekijodouga.net:3000/video',
  'accept-encoding': 'gzip, deflate',
  'accept-language': 'en-US,en;q=0.9,fr;q=0.8,ar;q=0.7,ja;q=0.6',
  'if-none-match': 'W/"3b4-r1OoIYlX5vaoQfT37Wi2lfvQnIA"' }
[0mGET /api/video/ [36m304 [0m81.213 ms - -[0m
Header boi : { host: '48gekijodouga.net:3000',
  connection: 'keep-alive',
  accept: 'application/json, text/plain, */*',
  authorization: 'JWT eyJhbGciOiJIUzI1NiJ9.dmlkZW9Eb3VnYTQ4QGFkbWluLm5ldA.yN4hFq34jzkOnmw8zmtSBWIEyGLf_1li5zk6WWdhHIk',
  'user-agent': 'Mozilla/5.0 (Windows NT 6.1; Win64; x64) AppleWebKit/537.36 (KHTML, like Gecko) Chrome/67.0.3396.99 Safari/537.36',
  referer: 'http://48gekijodouga.net:3000/video',
  'accept-encoding': 'gzip, deflate',
  'accept-language': 'en-US,en;q=0.9,fr;q=0.8,ar;q=0.7,ja;q=0.6',
  'if-none-match': 'W/"3b4-r1OoIYlX5vaoQfT37Wi2lfvQnIA"' }
[0mGET /api/video/ [36m304 [0m30.745 ms - -[0m
Header boi : { host: '48gekijodouga.net:3000',
  connection: 'keep-alive',
  accept: 'application/json, text/plain, */*',
  authorization: 'JWT eyJhbGciOiJIUzI1NiJ9.dmlkZW9Eb3VnYTQ4QGFkbWluLm5ldA.yN4hFq34jzkOnmw8zmtSBWIEyGLf_1li5zk6WWdhHIk',
  'user-agent': 'Mozilla/5.0 (Windows NT 6.1; Win64; x64) AppleWebKit/537.36 (KHTML, like Gecko) Chrome/67.0.3396.99 Safari/537.36',
  referer: 'http://48gekijodouga.net:3000/video',
  'accept-encoding': 'gzip, deflate',
  'accept-language': 'en-US,en;q=0.9,fr;q=0.8,ar;q=0.7,ja;q=0.6',
  'if-none-match': 'W/"3b4-r1OoIYlX5vaoQfT37Wi2lfvQnIA"' }
[0mGET /api/video/ [36m304 [0m4.836 ms - -[0m
[0mGET /video [32m200 [0m2.066 ms - 880[0m
[0mGET /static/css/app.36d70808aa767f3ccdfb51768136b458.css [36m304 [0m1.888 ms - -[0m
[0mGET /static/js/manifest.2ae2e69a05c33dfc65f8.js [36m304 [0m1.874 ms - -[0m
[0mGET /static/js/vendor.bb8b5bc391a519f5a4bf.js [36m304 [0m10.147 ms - -[0m
[0mGET /static/js/app.4362211242f0a90f27c2.js [36m304 [0m10.376 ms - -[0m
Header boi : { host: '48gekijodouga.net:3000',
  connection: 'keep-alive',
  accept: 'application/json, text/plain, */*',
  authorization: 'JWT eyJhbGciOiJIUzI1NiJ9.dmlkZW9Eb3VnYTQ4QGFkbWluLm5ldA.yN4hFq34jzkOnmw8zmtSBWIEyGLf_1li5zk6WWdhHIk',
  'user-agent': 'Mozilla/5.0 (Windows NT 6.1; Win64; x64) AppleWebKit/537.36 (KHTML, like Gecko) Chrome/67.0.3396.99 Safari/537.36',
  referer: 'http://48gekijodouga.net:3000/video',
  'accept-encoding': 'gzip, deflate',
  'accept-language': 'en-US,en;q=0.9,fr;q=0.8,ar;q=0.7,ja;q=0.6',
  'if-none-match': 'W/"3b4-r1OoIYlX5vaoQfT37Wi2lfvQnIA"' }
[0mGET /api/video/ [36m304 [0m15.179 ms - -[0m
[0mGET /i/o3pmc5606h.png [36m304 [0m1.364 ms - -[0m
[0mGET /i/2ap9h2pugm8.png [36m304 [0m2.030 ms - -[0m
[0mGET /video/ [32m200 [0m1.666 ms - 880[0m
[0mGET /static/css/app.36d70808aa767f3ccdfb51768136b458.css [36m304 [0m2.304 ms - -[0m
[0mGET /static/js/manifest.2ae2e69a05c33dfc65f8.js [36m304 [0m8.351 ms - -[0m
[0mGET /static/js/app.4362211242f0a90f27c2.js [36m304 [0m2.336 ms - -[0m
[0mGET /static/js/vendor.bb8b5bc391a519f5a4bf.js [36m304 [0m6.257 ms - -[0m
Header boi : { host: '48gekijodouga.net:3000',
  connection: 'keep-alive',
  accept: 'application/json, text/plain, */*',
  authorization: 'JWT eyJhbGciOiJIUzI1NiJ9.dmlkZW9Eb3VnYTQ4QGFkbWluLm5ldA.yN4hFq34jzkOnmw8zmtSBWIEyGLf_1li5zk6WWdhHIk',
  'user-agent': 'Mozilla/5.0 (Windows NT 6.1; Win64; x64) AppleWebKit/537.36 (KHTML, like Gecko) Chrome/67.0.3396.99 Safari/537.36',
  referer: 'http://48gekijodouga.net:3000/video/',
  'accept-encoding': 'gzip, deflate',
  'accept-language': 'en-US,en;q=0.9,fr;q=0.8,ar;q=0.7,ja;q=0.6',
  'if-none-match': 'W/"3b4-r1OoIYlX5vaoQfT37Wi2lfvQnIA"' }
[0mGET /api/video/ [36m304 [0m5.635 ms - -[0m
[0mGET /i/o3pmc5606h.png [36m304 [0m1.569 ms - -[0m
[0mGET /i/2ap9h2pugm8.png [36m304 [0m10.261 ms - -[0m
[0mGET /api/diskinfo [32m200 [0m19.647 ms - 75[0m
Header boi : { host: '48gekijodouga.net:3000',
  connection: 'keep-alive',
  accept: 'application/json, text/plain, */*',
  authorization: 'JWT eyJhbGciOiJIUzI1NiJ9.dmlkZW9Eb3VnYTQ4QGFkbWluLm5ldA.yN4hFq34jzkOnmw8zmtSBWIEyGLf_1li5zk6WWdhHIk',
  'user-agent': 'Mozilla/5.0 (Windows NT 6.1; Win64; x64) AppleWebKit/537.36 (KHTML, like Gecko) Chrome/67.0.3396.99 Safari/537.36',
  referer: 'http://48gekijodouga.net:3000/video',
  'accept-encoding': 'gzip, deflate',
  'accept-language': 'en-US,en;q=0.9,fr;q=0.8,ar;q=0.7,ja;q=0.6',
  'if-none-match': 'W/"3b4-r1OoIYlX5vaoQfT37Wi2lfvQnIA"' }
[0mGET /api/video/ [36m304 [0m3.855 ms - -[0m
[0mGET /video [36m304 [0m0.617 ms - -[0m
[0mGET /static/css/app.36d70808aa767f3ccdfb51768136b458.css [36m304 [0m0.590 ms - -[0m
[0mGET /static/js/manifest.2ae2e69a05c33dfc65f8.js [36m304 [0m1.384 ms - -[0m
[0mGET /static/js/app.4362211242f0a90f27c2.js [36m304 [0m1.302 ms - -[0m
[0mGET /static/js/vendor.bb8b5bc391a519f5a4bf.js [36m304 [0m1.305 ms - -[0m
Header boi : { host: '48gekijodouga.net:3000',
  connection: 'keep-alive',
  accept: 'application/json, text/plain, */*',
  authorization: 'JWT eyJhbGciOiJIUzI1NiJ9.dmlkZW9Eb3VnYTQ4QGFkbWluLm5ldA.yN4hFq34jzkOnmw8zmtSBWIEyGLf_1li5zk6WWdhHIk',
  'user-agent': 'Mozilla/5.0 (Windows NT 6.1; Win64; x64) AppleWebKit/537.36 (KHTML, like Gecko) Chrome/67.0.3396.99 Safari/537.36',
  referer: 'http://48gekijodouga.net:3000/video',
  'accept-encoding': 'gzip, deflate',
  'accept-language': 'en-US,en;q=0.9,fr;q=0.8,ar;q=0.7,ja;q=0.6',
  'if-none-match': 'W/"3b4-r1OoIYlX5vaoQfT37Wi2lfvQnIA"' }
[0mGET /api/video/ [36m304 [0m11.437 ms - -[0m
[0mGET /i/o3pmc5606h.png [36m304 [0m0.778 ms - -[0m
[0mGET /i/2ap9h2pugm8.png [36m304 [0m0.681 ms - -[0m
Header boi : { host: '48gekijodouga.net:3000',
  connection: 'keep-alive',
  accept: 'application/json, text/plain, */*',
  authorization: 'JWT eyJhbGciOiJIUzI1NiJ9.dmlkZW9Eb3VnYTQ4QGFkbWluLm5ldA.yN4hFq34jzkOnmw8zmtSBWIEyGLf_1li5zk6WWdhHIk',
  'user-agent': 'Mozilla/5.0 (Windows NT 6.1; Win64; x64) AppleWebKit/537.36 (KHTML, like Gecko) Chrome/67.0.3396.99 Safari/537.36',
  referer: 'http://48gekijodouga.net:3000/video',
  'accept-encoding': 'gzip, deflate',
  'accept-language': 'en-US,en;q=0.9,fr;q=0.8,ar;q=0.7,ja;q=0.6',
  'if-none-match': 'W/"3b4-r1OoIYlX5vaoQfT37Wi2lfvQnIA"' }
[0mGET /api/video/ [36m304 [0m14.212 ms - -[0m
[0mGET /api/diskinfo [32m200 [0m25.372 ms - 75[0m
Header boi : { host: '48gekijodouga.net:3000',
  connection: 'keep-alive',
  accept: 'application/json, text/plain, */*',
  authorization: 'JWT eyJhbGciOiJIUzI1NiJ9.dmlkZW9Eb3VnYTQ4QGFkbWluLm5ldA.yN4hFq34jzkOnmw8zmtSBWIEyGLf_1li5zk6WWdhHIk',
  'user-agent': 'Mozilla/5.0 (Windows NT 6.1; Win64; x64) AppleWebKit/537.36 (KHTML, like Gecko) Chrome/67.0.3396.99 Safari/537.36',
  referer: 'http://48gekijodouga.net:3000/video',
  'accept-encoding': 'gzip, deflate',
  'accept-language': 'en-US,en;q=0.9,fr;q=0.8,ar;q=0.7,ja;q=0.6',
  'if-none-match': 'W/"3b4-r1OoIYlX5vaoQfT37Wi2lfvQnIA"' }
[0mGET /api/video/ [36m304 [0m22.913 ms - -[0m
[0mGET /video [36m304 [0m16.040 ms - -[0m
[0mGET /static/css/app.36d70808aa767f3ccdfb51768136b458.css [36m304 [0m0.557 ms - -[0m
[0mGET /static/js/manifest.2ae2e69a05c33dfc65f8.js [36m304 [0m0.577 ms - -[0m
[0mGET /static/js/vendor.bb8b5bc391a519f5a4bf.js [36m304 [0m0.557 ms - -[0m
[0mGET /static/js/app.4362211242f0a90f27c2.js [36m304 [0m0.522 ms - -[0m
Header boi : { host: '48gekijodouga.net:3000',
  connection: 'keep-alive',
  accept: 'application/json, text/plain, */*',
  authorization: 'JWT eyJhbGciOiJIUzI1NiJ9.dmlkZW9Eb3VnYTQ4QGFkbWluLm5ldA.yN4hFq34jzkOnmw8zmtSBWIEyGLf_1li5zk6WWdhHIk',
  'user-agent': 'Mozilla/5.0 (Windows NT 6.3; Win64; x64) AppleWebKit/537.36 (KHTML, like Gecko) Chrome/67.0.3396.99 Safari/537.36',
  referer: 'http://48gekijodouga.net:3000/video',
  'accept-encoding': 'gzip, deflate',
  'accept-language': 'en-US,en;q=0.9,fr;q=0.8',
  'if-none-match': 'W/"3b4-r1OoIYlX5vaoQfT37Wi2lfvQnIA"' }
[0mGET /api/video/ [36m304 [0m12.215 ms - -[0m
[0mGET /i/o3pmc5606h.png [36m304 [0m8.929 ms - -[0m
[0mGET /i/2ap9h2pugm8.png [36m304 [0m0.838 ms - -[0m
